Arguments: 
  /usr/local/Cellar/node/11.10.0/bin/node /usr/local/Cellar/yarn/1.13.0/libexec/bin/yarn.js add vue-resouce

PATH: 
  /usr/local/opt/mysql@5.7/bin:/usr/local/sbin:/usr/local/bin:/usr/bin:/bin:/usr/sbin:/sbin:/usr/local/opt/mysql@5.7/bin:/usr/local/sbin:/Users/zowievangeest/.composer/vendor/bin:/Users/zowievangeest/.composer/vendor/bin

Yarn version: 
  1.13.0

Node version: 
  11.10.0

Platform: 
  darwin x64

Trace: 
  Error: https://registry.yarnpkg.com/vue-resouce: Not found
      at Request.params.callback [as _callback] (/usr/local/Cellar/yarn/1.13.0/libexec/lib/cli.js:66255:18)
      at Request.self.callback (/usr/local/Cellar/yarn/1.13.0/libexec/lib/cli.js:129397:22)
      at Request.emit (events.js:197:13)
      at Request.<anonymous> (/usr/local/Cellar/yarn/1.13.0/libexec/lib/cli.js:130369:10)
      at Request.emit (events.js:197:13)
      at IncomingMessage.<anonymous> (/usr/local/Cellar/yarn/1.13.0/libexec/lib/cli.js:130291:12)
      at Object.onceWrapper (events.js:285:13)
      at IncomingMessage.emit (events.js:202:15)
      at endReadableNT (_stream_readable.js:1129:12)
      at processTicksAndRejections (internal/process/next_tick.js:76:17)

npm manifest: 
  No manifest

yarn manifest: 
  No manifest

Lockfile: 
  No lockfile
